/home/runner/workspace/Controllers/ProductController.cs(41,48): error CS1061: 'IQueryable<Product>' does not contain a definition for 'ToPagedListAsync' and no accessible extension method 'ToPagedListAsync' accepting a first argument of type 'IQueryable<Product>' could be found (are you missing a using directive or an assembly reference?) [/home/runner/workspace/ECommerceWebsite.csproj]
/home/runner/workspace/Controllers/HomeController.cs(29,25): error CS0246: The type or namespace name 'ErrorViewModel' could not be found (are you missing a using directive or an assembly reference?) [/home/runner/workspace/ECommerceWebsite.csproj]
/home/runner/workspace/Controllers/OrderController.cs(36,44): error CS1061: 'IOrderedQueryable<Order>' does not contain a definition for 'ToPagedListAsync' and no accessible extension method 'ToPagedListAsync' accepting a first argument of type 'IOrderedQueryable<Order>' could be found (are you missing a using directive or an assembly reference?) [/home/runner/workspace/ECommerceWebsite.csproj]
/home/runner/workspace/Controllers/AdminController.cs(71,48): error CS1061: 'IQueryable<Product>' does not contain a definition for 'ToPagedListAsync' and no accessible extension method 'ToPagedListAsync' accepting a first argument of type 'IQueryable<Product>' could be found (are you missing a using directive or an assembly reference?) [/home/runner/workspace/ECommerceWebsite.csproj]
/home/runner/workspace/Controllers/AdminController.cs(233,44): error CS1061: 'IQueryable<Order>' does not contain a definition for 'ToPagedListAsync' and no accessible extension method 'ToPagedListAsync' accepting a first argument of type 'IQueryable<Order>' could be found (are you missing a using directive or an assembly reference?) [/home/runner/workspace/ECommerceWebsite.csproj]
/home/runner/workspace/Controllers/OrderController.cs(151,30): warning CS8601: Possible null reference assignment. [/home/runner/workspace/ECommerceWebsite.csproj]
/home/runner/workspace/Controllers/OrderController.cs(195,30): warning CS0168: The variable 'ex' is declared but never used [/home/runner/workspace/ECommerceWebsite.csproj]